<?xml version="1.0" encoding="UTF-8"?>
<testsuite name="TestDAO" tests="2" skipped="0" failures="2" errors="0" timestamp="2017-03-17T11:13:53" hostname="DESKTOP-IINA7LL" time="1.063">
  <properties/>
  <testcase name="testBookingService" classname="TestDAO" time="1.0">
    <failure message="java.lang.IllegalArgumentException: Unknown entity: com.booking.dto.Booking" type="java.lang.IllegalArgumentException">java.lang.IllegalArgumentException: Unknown entity: com.booking.dto.Booking
	at org.hibernate.internal.SessionImpl.firePersist(SessionImpl.java:777)
	at org.hibernate.internal.SessionImpl.persist(SessionImpl.java:758)
	at com.booking.dao.BookingDAOImpl.writeBooking(BookingDAOImpl.java:48)
	at com.booking.dao.BookingDAOImpl$$FastClassBySpringCGLIB$$c5249877.invoke(&lt;generated&gt;)
	at org.springframework.cglib.proxy.MethodProxy.invoke(MethodProxy.java:204)
	at org.springframework.aop.framework.CglibAopProxy$CglibMethodInvocation.invokeJoinpoint(CglibAopProxy.java:721)
	at org.springframework.aop.framework.ReflectiveMethodInvocation.proceed(ReflectiveMethodInvocation.java:157)
	at org.springframework.dao.support.PersistenceExceptionTranslationInterceptor.invoke(PersistenceExceptionTranslationInterceptor.java:136)
	at org.springframework.aop.framework.ReflectiveMethodInvocation.proceed(ReflectiveMethodInvocation.java:179)
	at org.springframework.transaction.interceptor.TransactionInterceptor$1.proceedWithInvocation(TransactionInterceptor.java:99)
	at org.springframework.transaction.interceptor.TransactionAspectSupport.invokeWithinTransaction(TransactionAspectSupport.java:282)
	at org.springframework.transaction.interceptor.TransactionInterceptor.invoke(TransactionInterceptor.java:96)
	at org.springframework.aop.framework.ReflectiveMethodInvocation.proceed(ReflectiveMethodInvocation.java:179)
	at org.springframework.aop.framework.CglibAopProxy$DynamicAdvisedInterceptor.intercept(CglibAopProxy.java:656)
	at com.booking.dao.BookingDAOImpl$$EnhancerBySpringCGLIB$$166c0121.writeBooking(&lt;generated&gt;)
	at com.booking.service.BookingServiceImpl.createBooking(BookingServiceImpl.java:29)
	at com.booking.service.BookingServiceImpl$$FastClassBySpringCGLIB$$136ff697.invoke(&lt;generated&gt;)
	at org.springframework.cglib.proxy.MethodProxy.invoke(MethodProxy.java:204)
	at org.springframework.aop.framework.CglibAopProxy$CglibMethodInvocation.invokeJoinpoint(CglibAopProxy.java:721)
	at org.springframework.aop.framework.ReflectiveMethodInvocation.proceed(ReflectiveMethodInvocation.java:157)
	at org.springframework.transaction.interceptor.TransactionInterceptor$1.proceedWithInvocation(TransactionInterceptor.java:99)
	at org.springframework.transaction.interceptor.TransactionAspectSupport.invokeWithinTransaction(TransactionAspectSupport.java:282)
	at org.springframework.transaction.interceptor.TransactionInterceptor.invoke(TransactionInterceptor.java:96)
	at org.springframework.aop.framework.ReflectiveMethodInvocation.proceed(ReflectiveMethodInvocation.java:179)
	at org.springframework.aop.framework.CglibAopProxy$DynamicAdvisedInterceptor.intercept(CglibAopProxy.java:656)
	at com.booking.service.BookingServiceImpl$$EnhancerBySpringCGLIB$$57c9ef81.createBooking(&lt;generated&gt;)
	at TestDAO.initRawEntities(TestDAO.java:42)
	at sun.reflect.NativeMethodAccessorImpl.invoke0(Native Method)
	at sun.reflect.NativeMethodAccessorImpl.invoke(NativeMethodAccessorImpl.java:62)
	at sun.reflect.DelegatingMethodAccessorImpl.invoke(DelegatingMethodAccessorImpl.java:43)
	at java.lang.reflect.Method.invoke(Method.java:497)
	at org.junit.runners.model.FrameworkMethod$1.runReflectiveCall(FrameworkMethod.java:50)
	at org.junit.internal.runners.model.ReflectiveCallable.run(ReflectiveCallable.java:12)
	at org.junit.runners.model.FrameworkMethod.invokeExplosively(FrameworkMethod.java:47)
	at org.junit.internal.runners.statements.RunBefores.evaluate(RunBefores.java:24)
	at org.springframework.test.context.junit4.statements.RunBeforeTestMethodCallbacks.evaluate(RunBeforeTestMethodCallbacks.java:75)
	at org.springframework.test.context.junit4.statements.RunAfterTestMethodCallbacks.evaluate(RunAfterTestMethodCallbacks.java:86)
	at org.junit.rules.ExpectedException$ExpectedExceptionStatement.evaluate(ExpectedException.java:239)
	at org.junit.rules.RunRules.evaluate(RunRules.java:20)
	at org.springframework.test.context.junit4.statements.SpringRepeat.evaluate(SpringRepeat.java:84)
	at org.junit.runners.ParentRunner.runLeaf(ParentRunner.java:325)
	at org.springframework.test.context.junit4.SpringJUnit4ClassRunner.runChild(SpringJUnit4ClassRunner.java:252)
	at org.springframework.test.context.junit4.SpringJUnit4ClassRunner.runChild(SpringJUnit4ClassRunner.java:94)
	at org.junit.runners.ParentRunner$3.run(ParentRunner.java:290)
	at org.junit.runners.ParentRunner$1.schedule(ParentRunner.java:71)
	at org.junit.runners.ParentRunner.runChildren(ParentRunner.java:288)
	at org.junit.runners.ParentRunner.access$000(ParentRunner.java:58)
	at org.junit.runners.ParentRunner$2.evaluate(ParentRunner.java:268)
	at org.springframework.test.context.junit4.statements.RunBeforeTestClassCallbacks.evaluate(RunBeforeTestClassCallbacks.java:61)
	at org.springframework.test.context.junit4.statements.RunAfterTestClassCallbacks.evaluate(RunAfterTestClassCallbacks.java:70)
	at org.junit.runners.ParentRunner.run(ParentRunner.java:363)
	at org.springframework.test.context.junit4.SpringJUnit4ClassRunner.run(SpringJUnit4ClassRunner.java:191)
	at org.gradle.api.internal.tasks.testing.junit.JUnitTestClassExecuter.runTestClass(JUnitTestClassExecuter.java:112)
	at org.gradle.api.internal.tasks.testing.junit.JUnitTestClassExecuter.execute(JUnitTestClassExecuter.java:56)
	at org.gradle.api.internal.tasks.testing.junit.JUnitTestClassProcessor.processTestClass(JUnitTestClassProcessor.java:66)
	at org.gradle.api.internal.tasks.testing.SuiteTestClassProcessor.processTestClass(SuiteTestClassProcessor.java:51)
	at sun.reflect.NativeMethodAccessorImpl.invoke0(Native Method)
	at sun.reflect.NativeMethodAccessorImpl.invoke(NativeMethodAccessorImpl.java:62)
	at sun.reflect.DelegatingMethodAccessorImpl.invoke(DelegatingMethodAccessorImpl.java:43)
	at java.lang.reflect.Method.invoke(Method.java:497)
	at org.gradle.messaging.dispatch.ReflectionDispatch.dispatch(ReflectionDispatch.java:35)
	at org.gradle.messaging.dispatch.ReflectionDispatch.dispatch(ReflectionDispatch.java:24)
	at org.gradle.messaging.dispatch.ContextClassLoaderDispatch.dispatch(ContextClassLoaderDispatch.java:32)
	at org.gradle.messaging.dispatch.ProxyDispatchAdapter$DispatchingInvocationHandler.invoke(ProxyDispatchAdapter.java:93)
	at com.sun.proxy.$Proxy2.processTestClass(Unknown Source)
	at org.gradle.api.internal.tasks.testing.worker.TestWorker.processTestClass(TestWorker.java:109)
	at sun.reflect.NativeMethodAccessorImpl.invoke0(Native Method)
	at sun.reflect.NativeMethodAccessorImpl.invoke(NativeMethodAccessorImpl.java:62)
	at sun.reflect.DelegatingMethodAccessorImpl.invoke(DelegatingMethodAccessorImpl.java:43)
	at java.lang.reflect.Method.invoke(Method.java:497)
	at org.gradle.messaging.dispatch.ReflectionDispatch.dispatch(ReflectionDispatch.java:35)
	at org.gradle.messaging.dispatch.ReflectionDispatch.dispatch(ReflectionDispatch.java:24)
	at org.gradle.messaging.remote.internal.hub.MessageHub$Handler.run(MessageHub.java:364)
	at org.gradle.internal.concurrent.ExecutorPolicy$CatchAndRecordFailures.onExecute(ExecutorPolicy.java:54)
	at org.gradle.internal.concurrent.StoppableExecutorImpl$1.run(StoppableExecutorImpl.java:40)
	at java.util.concurrent.ThreadPoolExecutor.runWorker(ThreadPoolExecutor.java:1142)
	at java.util.concurrent.ThreadPoolExecutor$Worker.run(ThreadPoolExecutor.java:617)
	at java.lang.Thread.run(Thread.java:745)
</failure>
  </testcase>
  <testcase name="testServices" classname="TestDAO" time="0.017">
    <failure message="java.lang.IllegalArgumentException: Unknown entity: com.booking.dto.Booking" type="java.lang.IllegalArgumentException">java.lang.IllegalArgumentException: Unknown entity: com.booking.dto.Booking
	at org.hibernate.internal.SessionImpl.firePersist(SessionImpl.java:777)
	at org.hibernate.internal.SessionImpl.persist(SessionImpl.java:758)
	at com.booking.dao.BookingDAOImpl.writeBooking(BookingDAOImpl.java:48)
	at com.booking.dao.BookingDAOImpl$$FastClassBySpringCGLIB$$c5249877.invoke(&lt;generated&gt;)
	at org.springframework.cglib.proxy.MethodProxy.invoke(MethodProxy.java:204)
	at org.springframework.aop.framework.CglibAopProxy$CglibMethodInvocation.invokeJoinpoint(CglibAopProxy.java:721)
	at org.springframework.aop.framework.ReflectiveMethodInvocation.proceed(ReflectiveMethodInvocation.java:157)
	at org.springframework.dao.support.PersistenceExceptionTranslationInterceptor.invoke(PersistenceExceptionTranslationInterceptor.java:136)
	at org.springframework.aop.framework.ReflectiveMethodInvocation.proceed(ReflectiveMethodInvocation.java:179)
	at org.springframework.transaction.interceptor.TransactionInterceptor$1.proceedWithInvocation(TransactionInterceptor.java:99)
	at org.springframework.transaction.interceptor.TransactionAspectSupport.invokeWithinTransaction(TransactionAspectSupport.java:282)
	at org.springframework.transaction.interceptor.TransactionInterceptor.invoke(TransactionInterceptor.java:96)
	at org.springframework.aop.framework.ReflectiveMethodInvocation.proceed(ReflectiveMethodInvocation.java:179)
	at org.springframework.aop.framework.CglibAopProxy$DynamicAdvisedInterceptor.intercept(CglibAopProxy.java:656)
	at com.booking.dao.BookingDAOImpl$$EnhancerBySpringCGLIB$$166c0121.writeBooking(&lt;generated&gt;)
	at com.booking.service.BookingServiceImpl.createBooking(BookingServiceImpl.java:29)
	at com.booking.service.BookingServiceImpl$$FastClassBySpringCGLIB$$136ff697.invoke(&lt;generated&gt;)
	at org.springframework.cglib.proxy.MethodProxy.invoke(MethodProxy.java:204)
	at org.springframework.aop.framework.CglibAopProxy$CglibMethodInvocation.invokeJoinpoint(CglibAopProxy.java:721)
	at org.springframework.aop.framework.ReflectiveMethodInvocation.proceed(ReflectiveMethodInvocation.java:157)
	at org.springframework.transaction.interceptor.TransactionInterceptor$1.proceedWithInvocation(TransactionInterceptor.java:99)
	at org.springframework.transaction.interceptor.TransactionAspectSupport.invokeWithinTransaction(TransactionAspectSupport.java:282)
	at org.springframework.transaction.interceptor.TransactionInterceptor.invoke(TransactionInterceptor.java:96)
	at org.springframework.aop.framework.ReflectiveMethodInvocation.proceed(ReflectiveMethodInvocation.java:179)
	at org.springframework.aop.framework.CglibAopProxy$DynamicAdvisedInterceptor.intercept(CglibAopProxy.java:656)
	at com.booking.service.BookingServiceImpl$$EnhancerBySpringCGLIB$$57c9ef81.createBooking(&lt;generated&gt;)
	at TestDAO.initRawEntities(TestDAO.java:42)
	at sun.reflect.NativeMethodAccessorImpl.invoke0(Native Method)
	at sun.reflect.NativeMethodAccessorImpl.invoke(NativeMethodAccessorImpl.java:62)
	at sun.reflect.DelegatingMethodAccessorImpl.invoke(DelegatingMethodAccessorImpl.java:43)
	at java.lang.reflect.Method.invoke(Method.java:497)
	at org.junit.runners.model.FrameworkMethod$1.runReflectiveCall(FrameworkMethod.java:50)
	at org.junit.internal.runners.model.ReflectiveCallable.run(ReflectiveCallable.java:12)
	at org.junit.runners.model.FrameworkMethod.invokeExplosively(FrameworkMethod.java:47)
	at org.junit.internal.runners.statements.RunBefores.evaluate(RunBefores.java:24)
	at org.springframework.test.context.junit4.statements.RunBeforeTestMethodCallbacks.evaluate(RunBeforeTestMethodCallbacks.java:75)
	at org.springframework.test.context.junit4.statements.RunAfterTestMethodCallbacks.evaluate(RunAfterTestMethodCallbacks.java:86)
	at org.junit.rules.ExpectedException$ExpectedExceptionStatement.evaluate(ExpectedException.java:239)
	at org.junit.rules.RunRules.evaluate(RunRules.java:20)
	at org.springframework.test.context.junit4.statements.SpringRepeat.evaluate(SpringRepeat.java:84)
	at org.junit.runners.ParentRunner.runLeaf(ParentRunner.java:325)
	at org.springframework.test.context.junit4.SpringJUnit4ClassRunner.runChild(SpringJUnit4ClassRunner.java:252)
	at org.springframework.test.context.junit4.SpringJUnit4ClassRunner.runChild(SpringJUnit4ClassRunner.java:94)
	at org.junit.runners.ParentRunner$3.run(ParentRunner.java:290)
	at org.junit.runners.ParentRunner$1.schedule(ParentRunner.java:71)
	at org.junit.runners.ParentRunner.runChildren(ParentRunner.java:288)
	at org.junit.runners.ParentRunner.access$000(ParentRunner.java:58)
	at org.junit.runners.ParentRunner$2.evaluate(ParentRunner.java:268)
	at org.springframework.test.context.junit4.statements.RunBeforeTestClassCallbacks.evaluate(RunBeforeTestClassCallbacks.java:61)
	at org.springframework.test.context.junit4.statements.RunAfterTestClassCallbacks.evaluate(RunAfterTestClassCallbacks.java:70)
	at org.junit.runners.ParentRunner.run(ParentRunner.java:363)
	at org.springframework.test.context.junit4.SpringJUnit4ClassRunner.run(SpringJUnit4ClassRunner.java:191)
	at org.gradle.api.internal.tasks.testing.junit.JUnitTestClassExecuter.runTestClass(JUnitTestClassExecuter.java:112)
	at org.gradle.api.internal.tasks.testing.junit.JUnitTestClassExecuter.execute(JUnitTestClassExecuter.java:56)
	at org.gradle.api.internal.tasks.testing.junit.JUnitTestClassProcessor.processTestClass(JUnitTestClassProcessor.java:66)
	at org.gradle.api.internal.tasks.testing.SuiteTestClassProcessor.processTestClass(SuiteTestClassProcessor.java:51)
	at sun.reflect.NativeMethodAccessorImpl.invoke0(Native Method)
	at sun.reflect.NativeMethodAccessorImpl.invoke(NativeMethodAccessorImpl.java:62)
	at sun.reflect.DelegatingMethodAccessorImpl.invoke(DelegatingMethodAccessorImpl.java:43)
	at java.lang.reflect.Method.invoke(Method.java:497)
	at org.gradle.messaging.dispatch.ReflectionDispatch.dispatch(ReflectionDispatch.java:35)
	at org.gradle.messaging.dispatch.ReflectionDispatch.dispatch(ReflectionDispatch.java:24)
	at org.gradle.messaging.dispatch.ContextClassLoaderDispatch.dispatch(ContextClassLoaderDispatch.java:32)
	at org.gradle.messaging.dispatch.ProxyDispatchAdapter$DispatchingInvocationHandler.invoke(ProxyDispatchAdapter.java:93)
	at com.sun.proxy.$Proxy2.processTestClass(Unknown Source)
	at org.gradle.api.internal.tasks.testing.worker.TestWorker.processTestClass(TestWorker.java:109)
	at sun.reflect.NativeMethodAccessorImpl.invoke0(Native Method)
	at sun.reflect.NativeMethodAccessorImpl.invoke(NativeMethodAccessorImpl.java:62)
	at sun.reflect.DelegatingMethodAccessorImpl.invoke(DelegatingMethodAccessorImpl.java:43)
	at java.lang.reflect.Method.invoke(Method.java:497)
	at org.gradle.messaging.dispatch.ReflectionDispatch.dispatch(ReflectionDispatch.java:35)
	at org.gradle.messaging.dispatch.ReflectionDispatch.dispatch(ReflectionDispatch.java:24)
	at org.gradle.messaging.remote.internal.hub.MessageHub$Handler.run(MessageHub.java:364)
	at org.gradle.internal.concurrent.ExecutorPolicy$CatchAndRecordFailures.onExecute(ExecutorPolicy.java:54)
	at org.gradle.internal.concurrent.StoppableExecutorImpl$1.run(StoppableExecutorImpl.java:40)
	at java.util.concurrent.ThreadPoolExecutor.runWorker(ThreadPoolExecutor.java:1142)
	at java.util.concurrent.ThreadPoolExecutor$Worker.run(ThreadPoolExecutor.java:617)
	at java.lang.Thread.run(Thread.java:745)
</failure>
  </testcase>
  <system-out><![CDATA[15:13:32.413 [Test worker] DEBUG org.springframework.test.context.junit4.SpringJUnit4ClassRunner - SpringJUnit4ClassRunner constructor called with [class TestDAO]
15:13:32.413 [Test worker] DEBUG org.springframework.test.context.BootstrapUtils - Instantiating CacheAwareContextLoaderDelegate from class [org.springframework.test.context.cache.DefaultCacheAwareContextLoaderDelegate]
15:13:32.429 [Test worker] DEBUG org.springframework.test.context.BootstrapUtils - Instantiating BootstrapContext using constructor [public org.springframework.test.context.support.DefaultBootstrapContext(java.lang.Class,org.springframework.test.context.CacheAwareContextLoaderDelegate)]
15:13:32.467 [Test worker] DEBUG org.springframework.test.context.BootstrapUtils - Instantiating TestContextBootstrapper for test class [TestDAO] from class [org.springframework.boot.test.context.SpringBootTestContextBootstrapper]
15:13:32.482 [Test worker] INFO org.springframework.boot.test.context.SpringBootTestContextBootstrapper - Neither @ContextConfiguration nor @ContextHierarchy found for test class [TestDAO], using SpringBootContextLoader
15:13:32.498 [Test worker] DEBUG org.springframework.test.context.support.AbstractContextLoader - Did not detect default resource location for test class [TestDAO]: class path resource [TestDAO-context.xml] does not exist
15:13:32.498 [Test worker] DEBUG org.springframework.test.context.support.AbstractContextLoader - Did not detect default resource location for test class [TestDAO]: class path resource [TestDAOContext.groovy] does not exist
15:13:32.498 [Test worker] INFO org.springframework.test.context.support.AbstractContextLoader - Could not detect default resource locations for test class [TestDAO]: no resource found for suffixes {-context.xml, Context.groovy}.
15:13:32.649 [Test worker] DEBUG org.springframework.test.context.support.ActiveProfilesUtils - Could not find an 'annotation declaring class' for annotation type [org.springframework.test.context.ActiveProfiles] and class [TestDAO]
15:13:32.682 [Test worker] DEBUG org.springframework.boot.test.context.SpringBootTestContextBootstrapper - @TestExecutionListeners is not present for class [TestDAO]: using defaults.
15:13:32.697 [Test worker] INFO org.springframework.boot.test.context.SpringBootTestContextBootstrapper - Loaded default TestExecutionListener class names from location [META-INF/spring.factories]: [org.springframework.boot.test.mock.mockito.MockitoTestExecutionListener, org.springframework.boot.test.mock.mockito.ResetMocksTestExecutionListener, org.springframework.boot.test.autoconfigure.restdocs.RestDocsTestExecutionListener, org.springframework.boot.test.autoconfigure.web.client.MockRestServiceServerResetTestExecutionListener, org.springframework.boot.test.autoconfigure.web.servlet.MockMvcPrintOnlyOnFailureTestExecutionListener, org.springframework.boot.test.autoconfigure.web.servlet.WebDriverTestExecutionListener, org.springframework.test.context.web.ServletTestExecutionListener, org.springframework.test.context.support.DirtiesContextBeforeModesTestExecutionListener, org.springframework.test.context.support.DependencyInjectionTestExecutionListener, org.springframework.test.context.support.DirtiesContextTestExecutionListener, org.springframework.test.context.transaction.TransactionalTestExecutionListener, org.springframework.test.context.jdbc.SqlScriptsTestExecutionListener]
15:13:32.746 [Test worker] INFO org.springframework.boot.test.context.SpringBootTestContextBootstrapper - Using TestExecutionListeners: [org.springframework.test.context.web.ServletTestExecutionListener@21644c1d, org.springframework.test.context.support.DirtiesContextBeforeModesTestExecutionListener@6178eeef, org.springframework.boot.test.autoconfigure.SpringBootDependencyInjectionTestExecutionListener@7dda994b, org.springframework.test.context.support.DirtiesContextTestExecutionListener@2cd5c954, org.springframework.test.context.transaction.TransactionalTestExecutionListener@2f526c77, org.springframework.test.context.jdbc.SqlScriptsTestExecutionListener@97be0e4, org.springframework.boot.test.mock.mockito.MockitoTestExecutionListener@20422041, org.springframework.boot.test.autoconfigure.web.client.MockRestServiceServerResetTestExecutionListener@225fc274, org.springframework.boot.test.autoconfigure.web.servlet.WebDriverTestExecutionListener@1e52239c, org.springframework.boot.test.autoconfigure.web.servlet.MockMvcPrintOnlyOnFailureTestExecutionListener@48789c72, org.springframework.boot.test.autoconfigure.restdocs.RestDocsTestExecutionListener@7989fd14, org.springframework.boot.test.mock.mockito.ResetMocksTestExecutionListener@2519cc33]
15:13:32.750 [Test worker] DEBUG org.springframework.test.annotation.ProfileValueUtils - Retrieved @ProfileValueSourceConfiguration [null] for test class [TestDAO]
15:13:32.750 [Test worker] DEBUG org.springframework.test.annotation.ProfileValueUtils - Retrieved ProfileValueSource type [class org.springframework.test.annotation.SystemProfileValueSource] for class [TestDAO]
15:13:32.750 [Test worker] DEBUG org.springframework.test.annotation.ProfileValueUtils - Retrieved @ProfileValueSourceConfiguration [null] for test class [TestDAO]
15:13:32.750 [Test worker] DEBUG org.springframework.test.annotation.ProfileValueUtils - Retrieved ProfileValueSource type [class org.springframework.test.annotation.SystemProfileValueSource] for class [TestDAO]
15:13:32.750 [Test worker] DEBUG org.springframework.test.context.support.AbstractDirtiesContextTestExecutionListener - Before test class: context [DefaultTestContext@7bbfff0c testClass = TestDAO, testInstance = [null], testMethod = [null], testException = [null], mergedContextConfiguration = [WebMergedContextConfiguration@7e828e2f testClass = TestDAO, locations = '{}', classes = '{class com.booking.Application, class com.booking.Application}', contextInitializerClasses = '[]', activeProfiles = '{}', propertySourceLocations = '{classpath:test.properties}', propertySourceProperties = '{org.springframework.boot.test.context.SpringBootTestContextBootstrapper=true}', contextCustomizers = set[[ImportsContextCustomizer@25882153 key = [Package Import , org.springframework.boot.test.autoconfigure.jdbc.TestDatabaseAutoConfiguration, org.springframework.boot.autoconfigure.jdbc.DataSourceAutoConfiguration]], org.springframework.boot.test.context.SpringBootTestContextCustomizer@d71bb1a, org.springframework.boot.test.context.filter.ExcludeFilterContextCustomizer@56eefa9c, org.springframework.boot.test.mock.mockito.MockitoContextCustomizer@0, org.springframework.boot.test.autoconfigure.properties.PropertyMappingContextCustomizer@695232e6, org.springframework.boot.test.autoconfigure.web.servlet.WebDriverContextCustomizerFactory$Customizer@5bde96cd, org.springframework.test.context.web.socket.MockServerContainerContextCustomizer@748fb6b7], resourceBasePath = 'src/main/webapp', contextLoader = 'org.springframework.boot.test.context.SpringBootContextLoader', parent = [null]]], class annotated with @DirtiesContext [false] with mode [null].
15:13:32.766 [Test worker] DEBUG org.springframework.test.annotation.ProfileValueUtils - Retrieved @ProfileValueSourceConfiguration [null] for test class [TestDAO]
15:13:32.766 [Test worker] DEBUG org.springframework.test.annotation.ProfileValueUtils - Retrieved ProfileValueSource type [class org.springframework.test.annotation.SystemProfileValueSource] for class [TestDAO]
15:13:32.913 [Test worker] DEBUG org.springframework.core.env.StandardEnvironment - Adding [systemProperties] PropertySource with lowest search precedence
15:13:32.913 [Test worker] DEBUG org.springframework.core.env.StandardEnvironment - Adding [systemEnvironment] PropertySource with lowest search precedence
15:13:32.913 [Test worker] DEBUG org.springframework.core.env.StandardEnvironment - Initialized StandardEnvironment with PropertySources [systemProperties,systemEnvironment]
15:13:32.913 [Test worker] DEBUG org.springframework.core.env.StandardEnvironment - Adding [class path resource [test.properties]] PropertySource with highest search precedence
15:13:32.913 [Test worker] DEBUG org.springframework.core.env.MutablePropertySources - Adding [inline] PropertySource with highest search precedence
15:13:32.929 [Test worker] DEBUG org.springframework.test.context.support.TestPropertySourceUtils - Adding inlined properties to environment: {spring.jmx.enabled=false, org.springframework.boot.test.context.SpringBootTestContextBootstrapper=true, server.port=-1}
15:13:32.929 [Test worker] DEBUG org.springframework.core.env.StandardEnvironment - Adding [Inlined Test Properties] PropertySource with highest search precedence
2017-03-17 15:13:34.425  INFO 9296 --- [    Test worker] s.c.a.AnnotationConfigApplicationContext : Refreshing org.springframework.context.annotation.AnnotationConfigApplicationContext@f7c9fc7: startup date [Fri Mar 17 15:13:34 AMT 2017]; root of context hierarchy
2017-03-17 15:13:35.226  INFO 9296 --- [    Test worker] f.a.AutowiredAnnotationBeanPostProcessor : JSR-330 'javax.inject.Inject' annotation found and supported for autowiring
2017-03-17 15:13:35.439  INFO 9296 --- [    Test worker] trationDelegate$BeanPostProcessorChecker : Bean 'configurationPropertiesRebinderAutoConfiguration' of type [class org.springframework.cloud.autoconfigure.ConfigurationPropertiesRebinderAutoConfiguration$$EnhancerBySpringCGLIB$$d3342dc7] is not eligible for getting processed by all BeanPostProcessors (for example: not eligible for auto-proxying)

  .   ____          _            __ _ _
 /\\ / ___'_ __ _ _(_)_ __  __ _ \ \ \ \
( ( )\___ | '_ | '_| | '_ \/ _` | \ \ \ \
 \\/  ___)| |_)| | | | | || (_| |  ) ) ) )
  '  |____| .__|_| |_|_| |_\__, | / / / /
 =========|_|==============|___/=/_/_/_/
 :: Spring Boot ::        (v1.5.1.RELEASE)

2017-03-17 15:13:36.495  INFO 9296 --- [    Test worker] TestDAO                                  : No active profile set, falling back to default profiles: default
2017-03-17 15:13:36.510  INFO 9296 --- [    Test worker] o.s.w.c.s.GenericWebApplicationContext   : Refreshing org.springframework.web.context.support.GenericWebApplicationContext@100b32ff: startup date [Fri Mar 17 15:13:36 AMT 2017]; parent: org.springframework.context.annotation.AnnotationConfigApplicationContext@f7c9fc7
2017-03-17 15:13:38.595  INFO 9296 --- [    Test worker] o.s.b.f.s.DefaultListableBeanFactory     : Overriding bean definition for bean 'scopedTarget.oauth2ClientContext' with a different definition: replacing [Root bean: class [null]; scope=session; abstract=false; lazyInit=false; autowireMode=3; dependencyCheck=0; autowireCandidate=false; primary=false; factoryBeanName=org.springframework.security.oauth2.config.annotation.web.configuration.OAuth2ClientConfiguration$OAuth2ClientContextConfiguration; factoryMethodName=oauth2ClientContext; initMethodName=null; destroyMethodName=(inferred); defined in class path resource [org/springframework/security/oauth2/config/annotation/web/configuration/OAuth2ClientConfiguration$OAuth2ClientContextConfiguration.class]] with [Root bean: class [null]; scope=session; abstract=false; lazyInit=false; autowireMode=3; dependencyCheck=0; autowireCandidate=false; primary=false; factoryBeanName=org.springframework.boot.autoconfigure.security.oauth2.client.OAuth2RestOperationsConfiguration$SessionScopedConfiguration$ClientContextConfiguration; factoryMethodName=oauth2ClientContext; initMethodName=null; destroyMethodName=(inferred); defined in class path resource [org/springframework/boot/autoconfigure/security/oauth2/client/OAuth2RestOperationsConfiguration$SessionScopedConfiguration$ClientContextConfiguration.class]]
2017-03-17 15:13:38.758  INFO 9296 --- [    Test worker] o.s.b.f.s.DefaultListableBeanFactory     : Overriding bean definition for bean 'ignoredPathsWebSecurityConfigurerAdapter' with a different definition: replacing [Root bean: class [null]; scope=; abstract=false; lazyInit=false; autowireMode=3; dependencyCheck=0; autowireCandidate=true; primary=false; factoryBeanName=org.springframework.boot.autoconfigure.security.SpringBootWebSecurityConfiguration; factoryMethodName=ignoredPathsWebSecurityConfigurerAdapter; initMethodName=null; destroyMethodName=(inferred); defined in class path resource [org/springframework/boot/autoconfigure/security/SpringBootWebSecurityConfiguration.class]] with [Root bean: class [null]; scope=; abstract=false; lazyInit=false; autowireMode=3; dependencyCheck=0; autowireCandidate=true; primary=false; factoryBeanName=org.springframework.boot.actuate.autoconfigure.ManagementWebSecurityAutoConfiguration; factoryMethodName=ignoredPathsWebSecurityConfigurerAdapter; initMethodName=null; destroyMethodName=(inferred); defined in class path resource [org/springframework/boot/actuate/autoconfigure/ManagementWebSecurityAutoConfiguration.class]]
2017-03-17 15:13:39.111  WARN 9296 --- [    Test worker] o.s.c.a.ConfigurationClassPostProcessor  : Cannot enhance @Configuration bean definition 'refreshScope' since its singleton instance has been created too early. The typical cause is a non-static @Bean method with a BeanDefinitionRegistryPostProcessor return type: Consider declaring such methods as 'static'.
2017-03-17 15:13:39.638  INFO 9296 --- [    Test worker] o.s.cloud.context.scope.GenericScope     : BeanFactory id=9d9c77ab-6b89-31eb-87f6-1f08f284112b
2017-03-17 15:13:39.796  INFO 9296 --- [    Test worker] f.a.AutowiredAnnotationBeanPostProcessor : JSR-330 'javax.inject.Inject' annotation found and supported for autowiring
2017-03-17 15:13:40.036  INFO 9296 --- [    Test worker] trationDelegate$BeanPostProcessorChecker : Bean 'org.springframework.boot.autoconfigure.validation.ValidationAutoConfiguration' of type [class org.springframework.boot.autoconfigure.validation.ValidationAutoConfiguration] is not eligible for getting processed by all BeanPostProcessors (for example: not eligible for auto-proxying)
2017-03-17 15:13:40.060  INFO 9296 --- [    Test worker] trationDelegate$BeanPostProcessorChecker : Bean 'validator' of type [class org.springframework.validation.beanvalidation.LocalValidatorFactoryBean] is not eligible for getting processed by all BeanPostProcessors (for example: not eligible for auto-proxying)
2017-03-17 15:13:40.133  INFO 9296 --- [    Test worker] trationDelegate$BeanPostProcessorChecker : Bean 'org.springframework.transaction.annotation.ProxyTransactionManagementConfiguration' of type [class org.springframework.transaction.annotation.ProxyTransactionManagementConfiguration$$EnhancerBySpringCGLIB$$b71a2aca] is not eligible for getting processed by all BeanPostProcessors (for example: not eligible for auto-proxying)
2017-03-17 15:13:40.239  INFO 9296 --- [    Test worker] trationDelegate$BeanPostProcessorChecker : Bean 'org.springframework.cloud.autoconfigure.ConfigurationPropertiesRebinderAutoConfiguration' of type [class org.springframework.cloud.autoconfigure.ConfigurationPropertiesRebinderAutoConfiguration$$EnhancerBySpringCGLIB$$d3342dc7] is not eligible for getting processed by all BeanPostProcessors (for example: not eligible for auto-proxying)
2017-03-17 15:13:40.433  INFO 9296 --- [    Test worker] com.mchange.v2.log.MLog                  : MLog clients using log4j logging.
2017-03-17 15:13:40.991  INFO 9296 --- [    Test worker] com.mchange.v2.c3p0.C3P0Registry         : Initializing c3p0-0.9.1.2 [built 21-May-2007 15:04:56; debug? true; trace: 10]
2017-03-17 15:13:41.468  INFO 9296 --- [    Test worker] org.hibernate.Version                    : HHH000412: Hibernate Core {5.2.8.Final}
2017-03-17 15:13:41.468  INFO 9296 --- [    Test worker] org.hibernate.cfg.Environment            : HHH000206: hibernate.properties not found
2017-03-17 15:13:41.599  INFO 9296 --- [    Test worker] o.hibernate.annotations.common.Version   : HCANN000001: Hibernate Commons Annotations {5.0.1.Final}
2017-03-17 15:13:41.899  INFO 9296 --- [    Test worker] c.m.v.c.i.AbstractPoolBackedDataSource   : Initializing c3p0 pool... com.mchange.v2.c3p0.ComboPooledDataSource [ acquireIncrement -> 3, acquireRetryAttempts -> 30, acquireRetryDelay -> 1000, autoCommitOnClose -> false, automaticTestTable -> null, breakAfterAcquireFailure -> false, checkoutTimeout -> 0, connectionCustomizerClassName -> null, connectionTesterClassName -> com.mchange.v2.c3p0.impl.DefaultConnectionTester, dataSourceName -> 1hge0ys9m1p18zvwjlulzu|1e61a87, debugUnreturnedConnectionStackTraces -> false, description -> null, driverClass -> com.mysql.jdbc.Driver, factoryClassLocation -> null, forceIgnoreUnresolvedTransactions -> false, identityToken -> 1hge0ys9m1p18zvwjlulzu|1e61a87, idleConnectionTestPeriod -> 0, initialPoolSize -> 3, jdbcUrl -> jdbc:mysql://localhost:3306/restaurant-manager-booking-test, maxAdministrativeTaskTime -> 0, maxConnectionAge -> 0, maxIdleTime -> 0, maxIdleTimeExcessConnections -> 0, maxPoolSize -> 15, maxStatements -> 0, maxStatementsPerConnection -> 0, minPoolSize -> 3, numHelperThreads -> 3, numThreadsAwaitingCheckoutDefaultUser -> 0, preferredTestQuery -> null, properties -> {user=******, password=******}, propertyCycle -> 0, testConnectionOnCheckin -> false, testConnectionOnCheckout -> false, unreturnedConnectionTimeout -> 0, usesTraditionalReflectiveProxies -> false ]
2017-03-17 15:13:42.480  INFO 9296 --- [    Test worker] org.hibernate.dialect.Dialect            : HHH000400: Using dialect: org.hibernate.dialect.MySQL5Dialect
2017-03-17 15:13:42.581  INFO 9296 --- [    Test worker] o.h.e.j.e.i.LobCreatorBuilderImpl        : HHH000424: Disabling contextual LOB creation as createClob() method threw error : java.lang.reflect.InvocationTargetException
2017-03-17 15:13:42.912  WARN 9296 --- [    Test worker] n.s.ehcache.config.ConfigurationFactory  : No configuration found. Configuring ehcache from ehcache-failsafe.xml  found in the classpath: jar:file:/C:/Users/Martha/.gradle/caches/modules-2/files-2.1/net.sf.ehcache/ehcache-core/2.6.11/fae7f84a5ffabe1b814e40190650c0ad5aeda5b1/ehcache-core-2.6.11.jar!/ehcache-failsafe.xml
2017-03-17 15:13:43.043  WARN 9296 --- [    Test worker] o.h.c.e.AbstractEhcacheRegionFactory     : HHH020003: Could not find a specific ehcache configuration for cache named [org.hibernate.cache.spi.UpdateTimestampsCache]; using defaults.
2017-03-17 15:13:43.112  INFO 9296 --- [    Test worker] o.h.cache.spi.UpdateTimestampsCache      : HHH000250: Starting update timestamps cache at region: org.hibernate.cache.spi.UpdateTimestampsCache
2017-03-17 15:13:43.112  WARN 9296 --- [    Test worker] o.h.c.e.AbstractEhcacheRegionFactory     : HHH020003: Could not find a specific ehcache configuration for cache named [org.hibernate.cache.internal.StandardQueryCache]; using defaults.
2017-03-17 15:13:43.112  INFO 9296 --- [    Test worker] o.h.cache.internal.StandardQueryCache    : HHH000248: Starting query cache at region: org.hibernate.cache.internal.StandardQueryCache
2017-03-17 15:13:43.296  INFO 9296 --- [    Test worker] o.h.t.schema.internal.SchemaCreatorImpl  : HHH000476: Executing import script 'org.hibernate.tool.schema.internal.exec.ScriptSourceInputNonExistentImpl@754af8c7'
2017-03-17 15:13:43.703  INFO 9296 --- [    Test worker] o.s.o.h.HibernateTransactionManager      : Using DataSource [com.mchange.v2.c3p0.ComboPooledDataSource [ acquireIncrement -> 3, acquireRetryAttempts -> 30, acquireRetryDelay -> 1000, autoCommitOnClose -> false, automaticTestTable -> null, breakAfterAcquireFailure -> false, checkoutTimeout -> 0, connectionCustomizerClassName -> null, connectionTesterClassName -> com.mchange.v2.c3p0.impl.DefaultConnectionTester, dataSourceName -> 1hge0ys9m1p18zvwjlulzu|1e61a87, debugUnreturnedConnectionStackTraces -> false, description -> null, driverClass -> com.mysql.jdbc.Driver, factoryClassLocation -> null, forceIgnoreUnresolvedTransactions -> false, identityToken -> 1hge0ys9m1p18zvwjlulzu|1e61a87, idleConnectionTestPeriod -> 0, initialPoolSize -> 3, jdbcUrl -> jdbc:mysql://localhost:3306/restaurant-manager-booking-test, maxAdministrativeTaskTime -> 0, maxConnectionAge -> 0, maxIdleTime -> 0, maxIdleTimeExcessConnections -> 0, maxPoolSize -> 15, maxStatements -> 0, maxStatementsPerConnection -> 0, minPoolSize -> 3, numHelperThreads -> 3, numThreadsAwaitingCheckoutDefaultUser -> 0, preferredTestQuery -> null, properties -> {user=******, password=******}, propertyCycle -> 0, testConnectionOnCheckin -> false, testConnectionOnCheckout -> false, unreturnedConnectionTimeout -> 0, usesTraditionalReflectiveProxies -> false ]] of Hibernate SessionFactory for HibernateTransactionManager
2017-03-17 15:13:43.716  INFO 9296 --- [    Test worker] o.s.c.ehcache.EhCacheManagerFactoryBean  : Initializing EhCache CacheManager
2017-03-17 15:13:43.718  WARN 9296 --- [    Test worker] n.s.ehcache.config.ConfigurationFactory  : No configuration found. Configuring ehcache from ehcache-failsafe.xml  found in the classpath: jar:file:/C:/Users/Martha/.gradle/caches/modules-2/files-2.1/net.sf.ehcache/ehcache-core/2.6.11/fae7f84a5ffabe1b814e40190650c0ad5aeda5b1/ehcache-core-2.6.11.jar!/ehcache-failsafe.xml
2017-03-17 15:13:46.944  INFO 9296 --- [    Test worker] s.w.s.m.m.a.RequestMappingHandlerAdapter : Looking for @ControllerAdvice: org.springframework.web.context.support.GenericWebApplicationContext@100b32ff: startup date [Fri Mar 17 15:13:36 AMT 2017]; parent: org.springframework.context.annotation.AnnotationConfigApplicationContext@f7c9fc7
2017-03-17 15:13:47.299  INFO 9296 --- [    Test worker] s.w.s.m.m.a.RequestMappingHandlerMapping : Mapped "{[/booking],methods=[DELETE]}" onto public void com.booking.controller.Controller.deleteBooking(com.booking.dto.Booking)
2017-03-17 15:13:47.301  INFO 9296 --- [    Test worker] s.w.s.m.m.a.RequestMappingHandlerMapping : Mapped "{[/booking],methods=[PUT]}" onto public void com.booking.controller.Controller.updateBooking(com.booking.dto.Booking)
2017-03-17 15:13:47.302  INFO 9296 --- [    Test worker] s.w.s.m.m.a.RequestMappingHandlerMapping : Mapped "{[/booking/{id}],methods=[GET],produces=[application/json]}" onto public com.booking.dto.Booking com.booking.controller.Controller.getBooking(int)
2017-03-17 15:13:47.303  INFO 9296 --- [    Test worker] s.w.s.m.m.a.RequestMappingHandlerMapping : Mapped "{[/bookings],methods=[GET],produces=[application/json]}" onto public java.util.List<com.booking.dto.Booking> com.booking.controller.Controller.getBookings()
2017-03-17 15:13:47.319  INFO 9296 --- [    Test worker] s.w.s.m.m.a.RequestMappingHandlerMapping : Mapped "{[/error]}" onto public org.springframework.http.ResponseEntity<java.util.Map<java.lang.String, java.lang.Object>> org.springframework.boot.autoconfigure.web.BasicErrorController.error(javax.servlet.http.HttpServletRequest)
2017-03-17 15:13:47.320  INFO 9296 --- [    Test worker] s.w.s.m.m.a.RequestMappingHandlerMapping : Mapped "{[/error],produces=[text/html]}" onto public org.springframework.web.servlet.ModelAndView org.springframework.boot.autoconfigure.web.BasicErrorController.errorHtml(javax.servlet.http.HttpServletRequest,javax.servlet.http.HttpServletResponse)
2017-03-17 15:13:47.429  INFO 9296 --- [    Test worker] o.s.w.s.handler.SimpleUrlHandlerMapping  : Mapped URL path [/webjars/**] onto handler of type [class org.springframework.web.servlet.resource.ResourceHttpRequestHandler]
2017-03-17 15:13:47.430  INFO 9296 --- [    Test worker] o.s.w.s.handler.SimpleUrlHandlerMapping  : Mapped URL path [/**] onto handler of type [class org.springframework.web.servlet.resource.ResourceHttpRequestHandler]
2017-03-17 15:13:47.550  INFO 9296 --- [    Test worker] o.s.w.s.handler.SimpleUrlHandlerMapping  : Mapped URL path [/**/favicon.ico] onto handler of type [class org.springframework.web.servlet.resource.ResourceHttpRequestHandler]
2017-03-17 15:13:48.745  WARN 9296 --- [    Test worker] figurationPropertiesBindingPostProcessor : The @ConfigurationProperties bean class org.springframework.cloud.client.actuator.FeaturesEndpoint contains validation constraints but had not been annotated with @Validated.
2017-03-17 15:13:48.746  WARN 9296 --- [    Test worker] figurationPropertiesBindingPostProcessor : The @ConfigurationProperties bean class org.springframework.cloud.client.actuator.FeaturesEndpoint contains validation constraints but had not been annotated with @Validated.
2017-03-17 15:13:49.479  INFO 9296 --- [    Test worker] o.s.s.web.DefaultSecurityFilterChain     : Creating filter chain: OrRequestMatcher [requestMatchers=[Ant [pattern='/css/**'], Ant [pattern='/js/**'], Ant [pattern='/images/**'], Ant [pattern='/webjars/**'], Ant [pattern='/**/favicon.ico'], Ant [pattern='/error']]], []
2017-03-17 15:13:49.718  INFO 9296 --- [    Test worker] o.s.s.web.DefaultSecurityFilterChain     : Creating filter chain: org.springframework.security.web.util.matcher.AnyRequestMatcher@1, [org.springframework.security.web.context.request.async.WebAsyncManagerIntegrationFilter@5e6be24e, org.springframework.security.web.context.SecurityContextPersistenceFilter@687d9c3e, org.springframework.security.web.header.HeaderWriterFilter@31e24d5f, org.springframework.security.web.authentication.logout.LogoutFilter@32715871, org.springframework.security.oauth2.provider.authentication.OAuth2AuthenticationProcessingFilter@13cb3bd, org.springframework.security.web.savedrequest.RequestCacheAwareFilter@7db26cee, org.springframework.security.web.servletapi.SecurityContextHolderAwareRequestFilter@3587bc00, org.springframework.security.web.authentication.AnonymousAuthenticationFilter@1bf559a6, org.springframework.security.web.session.SessionManagementFilter@756b3471, org.springframework.security.web.access.ExceptionTranslationFilter@2cb889c0, org.springframework.security.web.access.intercept.FilterSecurityInterceptor@136f979f]
2017-03-17 15:13:49.839  INFO 9296 --- [    Test worker] o.s.s.web.DefaultSecurityFilterChain     : Creating filter chain: org.springframework.boot.actuate.autoconfigure.ManagementWebSecurityAutoConfiguration$LazyEndpointPathRequestMatcher@104f8bbc, [org.springframework.security.web.context.request.async.WebAsyncManagerIntegrationFilter@3f6985c9, org.springframework.security.web.context.SecurityContextPersistenceFilter@1a614ddf, org.springframework.security.web.header.HeaderWriterFilter@60f74007, org.springframework.security.web.authentication.logout.LogoutFilter@29ba9be7, org.springframework.security.web.authentication.www.BasicAuthenticationFilter@a0b5e21, org.springframework.security.web.savedrequest.RequestCacheAwareFilter@1717090a, org.springframework.security.web.servletapi.SecurityContextHolderAwareRequestFilter@4d3a9497, org.springframework.security.web.authentication.AnonymousAuthenticationFilter@6fc32e53, org.springframework.security.web.session.SessionManagementFilter@67178461, org.springframework.security.web.access.ExceptionTranslationFilter@595a9425, org.springframework.security.web.access.intercept.FilterSecurityInterceptor@576e65be]
2017-03-17 15:13:49.868  INFO 9296 --- [    Test worker] o.s.s.web.DefaultSecurityFilterChain     : Creating filter chain: org.springframework.boot.autoconfigure.security.SpringBootWebSecurityConfiguration$ApplicationNoWebSecurityConfigurerAdapter$1@5bfa1d55, [org.springframework.security.web.context.request.async.WebAsyncManagerIntegrationFilter@76c069bc, org.springframework.security.web.context.SecurityContextPersistenceFilter@35d6a6d0, org.springframework.security.web.header.HeaderWriterFilter@5620653e, org.springframework.security.web.csrf.CsrfFilter@996c83d, org.springframework.security.web.authentication.logout.LogoutFilter@5b9ac0d0, org.springframework.security.web.savedrequest.RequestCacheAwareFilter@d54187e, org.springframework.security.web.servletapi.SecurityContextHolderAwareRequestFilter@5888857f, org.springframework.security.web.authentication.AnonymousAuthenticationFilter@6affa966, org.springframework.security.web.session.SessionManagementFilter@752ec7f1, org.springframework.security.web.access.ExceptionTranslationFilter@6d2ab216]
2017-03-17 15:13:50.679  WARN 9296 --- [    Test worker] figurationPropertiesBindingPostProcessor : The @ConfigurationProperties bean class org.springframework.cloud.context.restart.RestartEndpoint contains validation constraints but had not been annotated with @Validated.
2017-03-17 15:13:50.681  WARN 9296 --- [    Test worker] figurationPropertiesBindingPostProcessor : The @ConfigurationProperties bean class org.springframework.cloud.context.restart.RestartEndpoint contains validation constraints but had not been annotated with @Validated.
2017-03-17 15:13:50.736  WARN 9296 --- [    Test worker] figurationPropertiesBindingPostProcessor : The @ConfigurationProperties bean class org.springframework.cloud.endpoint.RefreshEndpoint contains validation constraints but had not been annotated with @Validated.
2017-03-17 15:13:50.736  WARN 9296 --- [    Test worker] figurationPropertiesBindingPostProcessor : The @ConfigurationProperties bean class org.springframework.cloud.endpoint.RefreshEndpoint contains validation constraints but had not been annotated with @Validated.
2017-03-17 15:13:50.771  WARN 9296 --- [    Test worker] figurationPropertiesBindingPostProcessor : The @ConfigurationProperties bean class org.springframework.cloud.context.restart.RestartEndpoint$PauseEndpoint contains validation constraints but had not been annotated with @Validated.
2017-03-17 15:13:50.771  WARN 9296 --- [    Test worker] figurationPropertiesBindingPostProcessor : The @ConfigurationProperties bean class org.springframework.cloud.context.restart.RestartEndpoint$PauseEndpoint contains validation constraints but had not been annotated with @Validated.
2017-03-17 15:13:50.789  WARN 9296 --- [    Test worker] figurationPropertiesBindingPostProcessor : The @ConfigurationProperties bean class org.springframework.cloud.context.restart.RestartEndpoint$ResumeEndpoint contains validation constraints but had not been annotated with @Validated.
2017-03-17 15:13:50.794  WARN 9296 --- [    Test worker] figurationPropertiesBindingPostProcessor : The @ConfigurationProperties bean class org.springframework.cloud.context.restart.RestartEndpoint$ResumeEndpoint contains validation constraints but had not been annotated with @Validated.
2017-03-17 15:13:50.859  INFO 9296 --- [    Test worker] o.s.b.a.e.mvc.EndpointHandlerMapping     : Mapped "{[/info || /info.json],methods=[GET],produces=[application/json]}" onto public java.lang.Object org.springframework.boot.actuate.endpoint.mvc.EndpointMvcAdapter.invoke()
2017-03-17 15:13:50.863  INFO 9296 --- [    Test worker] o.s.b.a.e.mvc.EndpointHandlerMapping     : Mapped "{[/archaius || /archaius.json],methods=[GET],produces=[application/json]}" onto public java.lang.Object org.springframework.boot.actuate.endpoint.mvc.EndpointMvcAdapter.invoke()
2017-03-17 15:13:50.869  INFO 9296 --- [    Test worker] o.s.b.a.e.mvc.EndpointHandlerMapping     : Mapped "{[/autoconfig || /autoconfig.json],methods=[GET],produces=[application/json]}" onto public java.lang.Object org.springframework.boot.actuate.endpoint.mvc.EndpointMvcAdapter.invoke()
2017-03-17 15:13:50.871  INFO 9296 --- [    Test worker] o.s.b.a.e.mvc.EndpointHandlerMapping     : Mapped "{[/pause || /pause.json],methods=[POST]}" onto public java.lang.Object org.springframework.cloud.endpoint.GenericPostableMvcEndpoint.invoke()
2017-03-17 15:13:50.874  INFO 9296 --- [    Test worker] o.s.b.a.e.mvc.EndpointHandlerMapping     : Mapped "{[/trace || /trace.json],methods=[GET],produces=[application/json]}" onto public java.lang.Object org.springframework.boot.actuate.endpoint.mvc.EndpointMvcAdapter.invoke()
2017-03-17 15:13:50.877  INFO 9296 --- [    Test worker] o.s.b.a.e.mvc.EndpointHandlerMapping     : Mapped "{[/env/{name:.*}],methods=[GET],produces=[application/json]}" onto public java.lang.Object org.springframework.boot.actuate.endpoint.mvc.EnvironmentMvcEndpoint.value(java.lang.String)
2017-03-17 15:13:50.878  INFO 9296 --- [    Test worker] o.s.b.a.e.mvc.EndpointHandlerMapping     : Mapped "{[/env || /env.json],methods=[GET],produces=[application/json]}" onto public java.lang.Object org.springframework.boot.actuate.endpoint.mvc.EndpointMvcAdapter.invoke()
2017-03-17 15:13:50.880  INFO 9296 --- [    Test worker] o.s.b.a.e.mvc.EndpointHandlerMapping     : Mapped "{[/env],methods=[POST]}" onto public java.lang.Object org.springframework.cloud.context.environment.EnvironmentManagerMvcEndpoint.value(java.util.Map<java.lang.String, java.lang.String>)
2017-03-17 15:13:50.881  INFO 9296 --- [    Test worker] o.s.b.a.e.mvc.EndpointHandlerMapping     : Mapped "{[/env/reset],methods=[POST]}" onto public java.util.Map<java.lang.String, java.lang.Object> org.springframework.cloud.context.environment.EnvironmentManagerMvcEndpoint.reset()
2017-03-17 15:13:50.885  INFO 9296 --- [    Test worker] o.s.b.a.e.mvc.EndpointHandlerMapping     : Mapped "{[/restart || /restart.json],methods=[POST]}" onto public java.lang.Object org.springframework.cloud.context.restart.RestartMvcEndpoint.invoke()
2017-03-17 15:13:50.887  INFO 9296 --- [    Test worker] o.s.b.a.e.mvc.EndpointHandlerMapping     : Mapped "{[/resume || /resume.json],methods=[POST]}" onto public java.lang.Object org.springframework.cloud.endpoint.GenericPostableMvcEndpoint.invoke()
2017-03-17 15:13:50.889  INFO 9296 --- [    Test worker] o.s.b.a.e.mvc.EndpointHandlerMapping     : Mapped "{[/mappings || /mappings.json],methods=[GET],produces=[application/json]}" onto public java.lang.Object org.springframework.boot.actuate.endpoint.mvc.EndpointMvcAdapter.invoke()
2017-03-17 15:13:50.892  INFO 9296 --- [    Test worker] o.s.b.a.e.mvc.EndpointHandlerMapping     : Mapped "{[/health || /health.json],produces=[application/json]}" onto public java.lang.Object org.springframework.boot.actuate.endpoint.mvc.HealthMvcEndpoint.invoke(java.security.Principal)
2017-03-17 15:13:50.895  INFO 9296 --- [    Test worker] o.s.b.a.e.mvc.EndpointHandlerMapping     : Mapped "{[/heapdump || /heapdump.json],methods=[GET],produces=[application/octet-stream]}" onto public void org.springframework.boot.actuate.endpoint.mvc.HeapdumpMvcEndpoint.invoke(boolean,javax.servlet.http.HttpServletRequest,javax.servlet.http.HttpServletResponse) throws java.io.IOException,javax.servlet.ServletException
2017-03-17 15:13:50.901  INFO 9296 --- [    Test worker] o.s.b.a.e.mvc.EndpointHandlerMapping     : Mapped "{[/dump || /dump.json],methods=[GET],produces=[application/json]}" onto public java.lang.Object org.springframework.boot.actuate.endpoint.mvc.EndpointMvcAdapter.invoke()
2017-03-17 15:13:50.905  INFO 9296 --- [    Test worker] o.s.b.a.e.mvc.EndpointHandlerMapping     : Mapped "{[/metrics/{name:.*}],methods=[GET],produces=[application/json]}" onto public java.lang.Object org.springframework.boot.actuate.endpoint.mvc.MetricsMvcEndpoint.value(java.lang.String)
2017-03-17 15:13:50.908  INFO 9296 --- [    Test worker] o.s.b.a.e.mvc.EndpointHandlerMapping     : Mapped "{[/metrics || /metrics.json],methods=[GET],produces=[application/json]}" onto public java.lang.Object org.springframework.boot.actuate.endpoint.mvc.EndpointMvcAdapter.invoke()
2017-03-17 15:13:50.920  INFO 9296 --- [    Test worker] o.s.b.a.e.mvc.EndpointHandlerMapping     : Mapped "{[/refresh || /refresh.json],methods=[POST]}" onto public java.lang.Object org.springframework.cloud.endpoint.GenericPostableMvcEndpoint.invoke()
2017-03-17 15:13:50.921  INFO 9296 --- [    Test worker] o.s.b.a.e.mvc.EndpointHandlerMapping     : Mapped "{[/features || /features.json],methods=[GET],produces=[application/json]}" onto public java.lang.Object org.springframework.boot.actuate.endpoint.mvc.EndpointMvcAdapter.invoke()
2017-03-17 15:13:50.924  INFO 9296 --- [    Test worker] o.s.b.a.e.mvc.EndpointHandlerMapping     : Mapped "{[/configprops || /configprops.json],methods=[GET],produces=[application/json]}" onto public java.lang.Object org.springframework.boot.actuate.endpoint.mvc.EndpointMvcAdapter.invoke()
2017-03-17 15:13:50.929  INFO 9296 --- [    Test worker] o.s.b.a.e.mvc.EndpointHandlerMapping     : Mapped "{[/beans || /beans.json],methods=[GET],produces=[application/json]}" onto public java.lang.Object org.springframework.boot.actuate.endpoint.mvc.EndpointMvcAdapter.invoke()
2017-03-17 15:13:51.479  INFO 9296 --- [    Test worker] o.s.w.s.v.f.FreeMarkerConfigurer         : ClassTemplateLoader for Spring macros added to FreeMarker configuration
2017-03-17 15:13:51.918  WARN 9296 --- [    Test worker] c.n.c.sources.URLConfigurationSource     : No URLs will be polled as dynamic configuration sources.
2017-03-17 15:13:51.919  INFO 9296 --- [    Test worker] c.n.c.sources.URLConfigurationSource     : To enable URLs as dynamic configuration sources, define System property archaius.configurationSource.additionalUrls or make config.properties available on classpath.
2017-03-17 15:13:51.938  WARN 9296 --- [    Test worker] c.n.c.sources.URLConfigurationSource     : No URLs will be polled as dynamic configuration sources.
2017-03-17 15:13:51.939  INFO 9296 --- [    Test worker] c.n.c.sources.URLConfigurationSource     : To enable URLs as dynamic configuration sources, define System property archaius.configurationSource.additionalUrls or make config.properties available on classpath.
2017-03-17 15:13:52.351  WARN 9296 --- [    Test worker] figurationPropertiesBindingPostProcessor : The @ConfigurationProperties bean class org.springframework.cloud.client.actuator.FeaturesEndpoint contains validation constraints but had not been annotated with @Validated.
2017-03-17 15:13:52.351  WARN 9296 --- [    Test worker] figurationPropertiesBindingPostProcessor : The @ConfigurationProperties bean class org.springframework.cloud.client.actuator.FeaturesEndpoint contains validation constraints but had not been annotated with @Validated.
2017-03-17 15:13:52.354  WARN 9296 --- [    Test worker] figurationPropertiesBindingPostProcessor : The @ConfigurationProperties bean class org.springframework.cloud.client.actuator.FeaturesEndpoint contains validation constraints but had not been annotated with @Validated.
2017-03-17 15:13:52.355  WARN 9296 --- [    Test worker] figurationPropertiesBindingPostProcessor : The @ConfigurationProperties bean class org.springframework.cloud.client.actuator.FeaturesEndpoint contains validation constraints but had not been annotated with @Validated.
2017-03-17 15:13:52.520  WARN 9296 --- [    Test worker] figurationPropertiesBindingPostProcessor : The @ConfigurationProperties bean class org.springframework.cloud.endpoint.RefreshEndpoint contains validation constraints but had not been annotated with @Validated.
2017-03-17 15:13:52.526  WARN 9296 --- [    Test worker] figurationPropertiesBindingPostProcessor : The @ConfigurationProperties bean class org.springframework.cloud.endpoint.RefreshEndpoint contains validation constraints but had not been annotated with @Validated.
2017-03-17 15:13:52.531  WARN 9296 --- [    Test worker] figurationPropertiesBindingPostProcessor : The @ConfigurationProperties bean class org.springframework.cloud.endpoint.RefreshEndpoint contains validation constraints but had not been annotated with @Validated.
2017-03-17 15:13:52.533  WARN 9296 --- [    Test worker] figurationPropertiesBindingPostProcessor : The @ConfigurationProperties bean class org.springframework.cloud.endpoint.RefreshEndpoint contains validation constraints but had not been annotated with @Validated.
2017-03-17 15:13:52.666  WARN 9296 --- [    Test worker] figurationPropertiesBindingPostProcessor : The @ConfigurationProperties bean class org.springframework.cloud.context.restart.RestartEndpoint$ResumeEndpoint contains validation constraints but had not been annotated with @Validated.
2017-03-17 15:13:52.667  WARN 9296 --- [    Test worker] figurationPropertiesBindingPostProcessor : The @ConfigurationProperties bean class org.springframework.cloud.context.restart.RestartEndpoint$ResumeEndpoint contains validation constraints but had not been annotated with @Validated.
2017-03-17 15:13:52.671  WARN 9296 --- [    Test worker] figurationPropertiesBindingPostProcessor : The @ConfigurationProperties bean class org.springframework.cloud.context.restart.RestartEndpoint$ResumeEndpoint contains validation constraints but had not been annotated with @Validated.
2017-03-17 15:13:52.672  WARN 9296 --- [    Test worker] figurationPropertiesBindingPostProcessor : The @ConfigurationProperties bean class org.springframework.cloud.context.restart.RestartEndpoint$ResumeEndpoint contains validation constraints but had not been annotated with @Validated.
2017-03-17 15:13:52.902  WARN 9296 --- [    Test worker] figurationPropertiesBindingPostProcessor : The @ConfigurationProperties bean class org.springframework.cloud.context.restart.RestartEndpoint contains validation constraints but had not been annotated with @Validated.
2017-03-17 15:13:52.904  WARN 9296 --- [    Test worker] figurationPropertiesBindingPostProcessor : The @ConfigurationProperties bean class org.springframework.cloud.context.restart.RestartEndpoint contains validation constraints but had not been annotated with @Validated.
2017-03-17 15:13:52.916  WARN 9296 --- [    Test worker] figurationPropertiesBindingPostProcessor : The @ConfigurationProperties bean class org.springframework.cloud.context.restart.RestartEndpoint contains validation constraints but had not been annotated with @Validated.
2017-03-17 15:13:52.917  WARN 9296 --- [    Test worker] figurationPropertiesBindingPostProcessor : The @ConfigurationProperties bean class org.springframework.cloud.context.restart.RestartEndpoint contains validation constraints but had not been annotated with @Validated.
2017-03-17 15:13:53.091  WARN 9296 --- [    Test worker] figurationPropertiesBindingPostProcessor : The @ConfigurationProperties bean class org.springframework.cloud.context.restart.RestartEndpoint$PauseEndpoint contains validation constraints but had not been annotated with @Validated.
2017-03-17 15:13:53.091  WARN 9296 --- [    Test worker] figurationPropertiesBindingPostProcessor : The @ConfigurationProperties bean class org.springframework.cloud.context.restart.RestartEndpoint$PauseEndpoint contains validation constraints but had not been annotated with @Validated.
2017-03-17 15:13:53.095  WARN 9296 --- [    Test worker] figurationPropertiesBindingPostProcessor : The @ConfigurationProperties bean class org.springframework.cloud.context.restart.RestartEndpoint$PauseEndpoint contains validation constraints but had not been annotated with @Validated.
2017-03-17 15:13:53.095  WARN 9296 --- [    Test worker] figurationPropertiesBindingPostProcessor : The @ConfigurationProperties bean class org.springframework.cloud.context.restart.RestartEndpoint$PauseEndpoint contains validation constraints but had not been annotated with @Validated.
2017-03-17 15:13:53.235  INFO 9296 --- [    Test worker] o.s.c.support.DefaultLifecycleProcessor  : Starting beans in phase 0
2017-03-17 15:13:53.315  INFO 9296 --- [    Test worker] TestDAO                                  : Started TestDAO in 20.364 seconds (JVM running for 22.347)
2017-03-17 15:13:54.309  INFO 9296 --- [    Test worker] i.StatisticalLoggingSessionEventListener : Session Metrics {
    64794 nanoseconds spent acquiring 1 JDBC connections;
    0 nanoseconds spent releasing 0 JDBC connections;
    0 nanoseconds spent preparing 0 JDBC statements;
    0 nanoseconds spent executing 0 JDBC statements;
    0 nanoseconds spent executing 0 JDBC batches;
    0 nanoseconds spent performing 0 L2C puts;
    0 nanoseconds spent performing 0 L2C hits;
    0 nanoseconds spent performing 0 L2C misses;
    0 nanoseconds spent executing 0 flushes (flushing a total of 0 entities and 0 collections);
    0 nanoseconds spent executing 0 partial-flushes (flushing a total of 0 entities and 0 collections)
}
2017-03-17 15:13:54.412  INFO 9296 --- [    Test worker] i.StatisticalLoggingSessionEventListener : Session Metrics {
    40497 nanoseconds spent acquiring 1 JDBC connections;
    0 nanoseconds spent releasing 0 JDBC connections;
    0 nanoseconds spent preparing 0 JDBC statements;
    0 nanoseconds spent executing 0 JDBC statements;
    0 nanoseconds spent executing 0 JDBC batches;
    0 nanoseconds spent performing 0 L2C puts;
    0 nanoseconds spent performing 0 L2C hits;
    0 nanoseconds spent performing 0 L2C misses;
    0 nanoseconds spent executing 0 flushes (flushing a total of 0 entities and 0 collections);
    0 nanoseconds spent executing 0 partial-flushes (flushing a total of 0 entities and 0 collections)
}
]]></system-out>
  <system-err><![CDATA[Fri Mar 17 15:13:42 AMT 2017 WARN: Establishing SSL connection without server's identity verification is not recommended. According to MySQL 5.5.45+, 5.6.26+ and 5.7.6+ requirements SSL connection must be established by default if explicit option isn't set. For compliance with existing applications not using SSL the verifyServerCertificate property is set to 'false'. You need either to explicitly disable SSL by setting useSSL=false, or set useSSL=true and provide truststore for server certificate verification.
Fri Mar 17 15:13:42 AMT 2017 WARN: Establishing SSL connection without server's identity verification is not recommended. According to MySQL 5.5.45+, 5.6.26+ and 5.7.6+ requirements SSL connection must be established by default if explicit option isn't set. For compliance with existing applications not using SSL the verifyServerCertificate property is set to 'false'. You need either to explicitly disable SSL by setting useSSL=false, or set useSSL=true and provide truststore for server certificate verification.
Fri Mar 17 15:13:42 AMT 2017 WARN: Establishing SSL connection without server's identity verification is not recommended. According to MySQL 5.5.45+, 5.6.26+ and 5.7.6+ requirements SSL connection must be established by default if explicit option isn't set. For compliance with existing applications not using SSL the verifyServerCertificate property is set to 'false'. You need either to explicitly disable SSL by setting useSSL=false, or set useSSL=true and provide truststore for server certificate verification.
]]></system-err>
</testsuite>
